# JRE version: Java(TM) SE Runtime Environment (8.0_241-b07) (build 1.8.0_241-b07)
# Java VM: Java HotSpot(TM) 64-Bit Server VM (25.241-b07 mixed mode windows-amd64 compressed oops)
Heap:
 PSYoungGen      total 125952K, used 48307K [0x00000000db300000, 0x00000000e3d00000, 0x0000000100000000)
  eden space 113664K, 31% used [0x00000000db300000,0x00000000dd62fc50,0x00000000e2200000)
  from space 12288K, 99% used [0x00000000e2f00000,0x00000000e3afd020,0x00000000e3b00000)
  to   space 13312K, 0% used [0x00000000e2200000,0x00000000e2200000,0x00000000e2f00000)
 ParOldGen       total 76800K, used 31733K [0x0000000091800000, 0x0000000096300000, 0x00000000db300000)
  object space 76800K, 41% used [0x0000000091800000,0x00000000936fd418,0x0000000096300000)
 Metaspace       used 25175K, capacity 25842K, committed 25984K, reserved 1073152K
  class space    used 2926K, capacity 3093K, committed 3200K, reserved 1048576K
GC Heap History (10 events):
Event: 2.842 GC heap before
{Heap before GC invocations=5 (full 0):
 PSYoungGen      total 61952K, used 61920K [0x00000000db300000, 0x00000000df400000, 0x0000000100000000)
  eden space 57344K, 100% used [0x00000000db300000,0x00000000deb00000,0x00000000deb00000)
  from space 4608K, 99% used [0x00000000def80000,0x00000000df3f8030,0x00000000df400000)
  to   space 4608K, 0% used [0x00000000deb00000,0x00000000deb00000,0x00000000def80000)
 ParOldGen       total 76800K, used 9689K [0x0000000091800000, 0x0000000096300000, 0x00000000db300000)
  object space 76800K, 12% used [0x0000000091800000,0x0000000092176600,0x0000000096300000)
 Metaspace       used 15485K, capacity 15750K, committed 16128K, reserved 1062912K
  class space    used 1859K, capacity 1947K, committed 2048K, reserved 1048576K
Event: 2.854 GC heap after
Heap after GC invocations=5 (full 0):
 PSYoungGen      total 61952K, used 4592K [0x00000000db300000, 0x00000000e3b00000, 0x0000000100000000)
  eden space 57344K, 0% used [0x00000000db300000,0x00000000db300000,0x00000000deb00000)
  from space 4608K, 99% used [0x00000000deb00000,0x00000000def7c020,0x00000000def80000)
  to   space 12288K, 0% used [0x00000000e2f00000,0x00000000e2f00000,0x00000000e3b00000)
 ParOldGen       total 76800K, used 16583K [0x0000000091800000, 0x0000000096300000, 0x00000000db300000)
  object space 76800K, 21% used [0x0000000091800000,0x0000000092831d00,0x0000000096300000)
 Metaspace       used 15485K, capacity 15750K, committed 16128K, reserved 1062912K
  class space    used 1859K, capacity 1947K, committed 2048K, reserved 1048576K
}
Event: 3.505 GC heap before
{Heap before GC invocations=6 (full 0):
 PSYoungGen      total 61952K, used 61936K [0x00000000db300000, 0x00000000e3b00000, 0x0000000100000000)
  eden space 57344K, 100% used [0x00000000db300000,0x00000000deb00000,0x00000000deb00000)
  from space 4608K, 99% used [0x00000000deb00000,0x00000000def7c020,0x00000000def80000)
  to   space 12288K, 0% used [0x00000000e2f00000,0x00000000e2f00000,0x00000000e3b00000)
 ParOldGen       total 76800K, used 16583K [0x0000000091800000, 0x0000000096300000, 0x00000000db300000)
  object space 76800K, 21% used [0x0000000091800000,0x0000000092831d00,0x0000000096300000)
 Metaspace       used 15793K, capacity 16100K, committed 16384K, reserved 1062912K
  class space    used 1867K, capacity 1952K, committed 2048K, reserved 1048576K
Event: 3.516 GC heap after
Heap after GC invocations=6 (full 0):
 PSYoungGen      total 125952K, used 10944K [0x00000000db300000, 0x00000000e3d00000, 0x0000000100000000)
  eden space 113664K, 0% used [0x00000000db300000,0x00000000db300000,0x00000000e2200000)
  from space 12288K, 89% used [0x00000000e2f00000,0x00000000e39b0030,0x00000000e3b00000)
  to   space 13312K, 0% used [0x00000000e2200000,0x00000000e2200000,0x00000000e2f00000)
 ParOldGen       total 76800K, used 16591K [0x0000000091800000, 0x0000000096300000, 0x00000000db300000)
  object space 76800K, 21% used [0x0000000091800000,0x0000000092833d00,0x0000000096300000)
 Metaspace       used 15793K, capacity 16100K, committed 16384K, reserved 1062912K
  class space    used 1867K, capacity 1952K, committed 2048K, reserved 1048576K
}
Event: 5.091 GC heap before
{Heap before GC invocations=7 (full 0):
 PSYoungGen      total 125952K, used 92270K [0x00000000db300000, 0x00000000e3d00000, 0x0000000100000000)
  eden space 113664K, 71% used [0x00000000db300000,0x00000000e026bb08,0x00000000e2200000)
  from space 12288K, 89% used [0x00000000e2f00000,0x00000000e39b0030,0x00000000e3b00000)
  to   space 13312K, 0% used [0x00000000e2200000,0x00000000e2200000,0x00000000e2f00000)
 ParOldGen       total 76800K, used 16591K [0x0000000091800000, 0x0000000096300000, 0x00000000db300000)
  object space 76800K, 21% used [0x0000000091800000,0x0000000092833d00,0x0000000096300000)
 Metaspace       used 20595K, capacity 21082K, committed 21296K, reserved 1069056K
  class space    used 2465K, capacity 2593K, committed 2688K, reserved 1048576K
Event: 5.112 GC heap after
Heap after GC invocations=7 (full 0):
 PSYoungGen      total 126976K, used 13308K [0x00000000db300000, 0x00000000e3d00000, 0x0000000100000000)
  eden space 113664K, 0% used [0x00000000db300000,0x00000000db300000,0x00000000e2200000)
  from space 13312K, 99% used [0x00000000e2200000,0x00000000e2eff0c0,0x00000000e2f00000)
  to   space 12288K, 0% used [0x00000000e2f00000,0x00000000e2f00000,0x00000000e3b00000)
 ParOldGen       total 76800K, used 20116K [0x0000000091800000, 0x0000000096300000, 0x00000000db300000)
  object space 76800K, 26% used [0x0000000091800000,0x0000000092ba5380,0x0000000096300000)
 Metaspace       used 20595K, capacity 21082K, committed 21296K, reserved 1069056K
  class space    used 2465K, capacity 2593K, committed 2688K, reserved 1048576K
}
Event: 5.112 GC heap before
{Heap before GC invocations=8 (full 1):
 PSYoungGen      total 126976K, used 13308K [0x00000000db300000, 0x00000000e3d00000, 0x0000000100000000)
  eden space 113664K, 0% used [0x00000000db300000,0x00000000db300000,0x00000000e2200000)
  from space 13312K, 99% used [0x00000000e2200000,0x00000000e2eff0c0,0x00000000e2f00000)
  to   space 12288K, 0% used [0x00000000e2f00000,0x00000000e2f00000,0x00000000e3b00000)
 ParOldGen       total 76800K, used 20116K [0x0000000091800000, 0x0000000096300000, 0x00000000db300000)
  object space 76800K, 26% used [0x0000000091800000,0x0000000092ba5380,0x0000000096300000)
 Metaspace       used 20595K, capacity 21082K, committed 21296K, reserved 1069056K
  class space    used 2465K, capacity 2593K, committed 2688K, reserved 1048576K
Event: 5.204 GC heap after
Heap after GC invocations=8 (full 1):
 PSYoungGen      total 126976K, used 0K [0x00000000db300000, 0x00000000e3d00000, 0x0000000100000000)
  eden space 113664K, 0% used [0x00000000db300000,0x00000000db300000,0x00000000e2200000)
  from space 13312K, 0% used [0x00000000e2200000,0x00000000e2200000,0x00000000e2f00000)
  to   space 12288K, 0% used [0x00000000e2f00000,0x00000000e2f00000,0x00000000e3b00000)
 ParOldGen       total 76800K, used 25489K [0x0000000091800000, 0x0000000096300000, 0x00000000db300000)
  object space 76800K, 33% used [0x0000000091800000,0x00000000930e46d8,0x0000000096300000)
 Metaspace       used 20595K, capacity 21082K, committed 21296K, reserved 1069056K
  class space    used 2465K, capacity 2593K, committed 2688K, reserved 1048576K
}
Event: 9.103 GC heap before
{Heap before GC invocations=9 (full 1):
 PSYoungGen      total 126976K, used 113664K [0x00000000db300000, 0x00000000e3d00000, 0x0000000100000000)
  eden space 113664K, 100% used [0x00000000db300000,0x00000000e2200000,0x00000000e2200000)
  from space 13312K, 0% used [0x00000000e2200000,0x00000000e2200000,0x00000000e2f00000)
  to   space 12288K, 0% used [0x00000000e2f00000,0x00000000e2f00000,0x00000000e3b00000)
 ParOldGen       total 76800K, used 25489K [0x0000000091800000, 0x0000000096300000, 0x00000000db300000)
  object space 76800K, 33% used [0x0000000091800000,0x00000000930e46d8,0x0000000096300000)
 Metaspace       used 25011K, capacity 25648K, committed 25984K, reserved 1073152K
  class space    used 2916K, capacity 3082K, committed 3200K, reserved 1048576K
Event: 9.121 GC heap after
Heap after GC invocations=9 (full 1):
 PSYoungGen      total 125952K, used 12276K [0x00000000db300000, 0x00000000e3d00000, 0x0000000100000000)
  eden space 113664K, 0% used [0x00000000db300000,0x00000000db300000,0x00000000e2200000)
  from space 12288K, 99% used [0x00000000e2f00000,0x00000000e3afd020,0x00000000e3b00000)
  to   space 13312K, 0% used [0x00000000e2200000,0x00000000e2200000,0x00000000e2f00000)
 ParOldGen       total 76800K, used 31733K [0x0000000091800000, 0x0000000096300000, 0x00000000db300000)
  object space 76800K, 41% used [0x0000000091800000,0x00000000936fd418,0x0000000096300000)
 Metaspace       used 25011K, capacity 25648K, committed 25984K, reserved 1073152K
  class space    used 2916K, capacity 3082K, committed 3200K, reserved 1048576K
}

